| Remove cwd: ./AgentPPO_LandMars_0
################################################################################
ID     Step    maxR |    avgR   stdR   avgS  stdS |    expR   objC   etc.
0  3.00e+03    0.78 |
0  3.00e+03    0.78 |    0.78    0.7    999     0 |   -0.03   0.14   0.13   0.00
0  5.60e+04    8.22 |
0  5.60e+04    8.22 |    8.22    7.7    999     0 |   -0.03   0.09   0.05   0.00
0  1.08e+05    8.22 |    2.95    6.5    787   305 |   -0.03   0.07   0.04   0.00
0  1.60e+05    8.22 |   -0.34    3.5    426   139 |   -0.03   0.28  -0.01   0.00
0  2.16e+05   13.84 |
0  2.16e+05   13.84 |   13.84    7.2    999     0 |   -0.03   0.08   0.02   0.00
0  2.67e+05   32.53 |
0  2.67e+05   32.53 |   32.53    3.5    999     0 |   -0.04   0.15   0.07   0.00
0  3.19e+05   32.53 |   30.40    4.7    999     0 |   -0.03   0.26   0.00   0.00
0  3.71e+05   35.01 |
0  3.71e+05   35.01 |   35.01    4.3    999     0 |   -0.04   0.22   0.03   0.00
0  4.24e+05   35.01 |   33.39    7.8    999     0 |   -0.04   0.21   0.05   0.00
0  4.75e+05   35.01 |   33.16    4.6    999     0 |   -0.04   0.25  -0.01   0.00
0  5.27e+05   35.01 |   32.43    4.6    999     0 |   -0.04   0.26   0.08   0.00
0  5.80e+05   35.01 |   31.38    3.7    999     0 |   -0.04   0.25  -0.03   0.00
0  6.32e+05   35.01 |   29.27    5.6    999     0 |   -0.03   0.19  -0.10   0.00
0  6.84e+05   36.32 |
0  6.84e+05   36.32 |   36.32    2.2    999     0 |   -0.04   0.20   0.06   0.00
0  7.36e+05   36.32 |   33.73    4.9    999     0 |   -0.04   0.14  -0.02   0.00
0  7.88e+05   36.32 |   27.53    5.2    999     0 |   -0.04   0.14  -0.10   0.00
0  8.39e+05   36.32 |   28.51    2.9    999     0 |   -0.04   0.21  -0.04   0.00
0  8.91e+05   36.32 |   34.13    3.2    999     0 |   -0.04   0.19  -0.04   0.00
0  9.43e+05   36.32 |   31.56    3.8    999     0 |   -0.04   0.12  -0.01   0.00
0  9.95e+05   43.23 |
0  9.95e+05   43.23 |   43.23    3.1    999     0 |   -0.04   0.10   0.02   0.00
0  1.05e+06   43.23 |   36.96    3.8    999     0 |   -0.04   0.18   0.01   0.00
0  1.10e+06   43.23 |   42.23    2.1    999     0 |   -0.04   0.14   0.01   0.00
0  1.15e+06   44.11 |
0  1.15e+06   44.11 |   44.11    4.0    999     0 |   -0.04   0.13  -0.00   0.00
0  1.20e+06   44.11 |   41.81    5.2    999     0 |   -0.04   0.09  -0.07   0.00
0  1.26e+06   44.11 |   38.51    3.6    999     0 |   -0.04   0.07   0.08   0.00
0  1.31e+06   44.11 |   39.45    3.4    999     0 |   -0.04   0.06  -0.13   0.00
0  1.36e+06   44.92 |
0  1.36e+06   44.92 |   44.92    1.5    999     0 |   -0.04   0.07   0.07   0.00
0  1.41e+06   44.92 |   43.37    4.7    999     0 |   -0.04   0.06   0.00   0.00
0  1.46e+06   44.92 |   40.21    3.4    999     0 |   -0.04   0.05  -0.04   0.00
0  1.52e+06   44.92 |   44.03    5.0    999     0 |   -0.04   0.04  -0.11   0.00
0  1.57e+06   48.33 |
0  1.57e+06   48.33 |   48.33    3.4    999     0 |   -0.04   0.03  -0.04   0.00
0  1.62e+06   49.31 |
0  1.62e+06   49.31 |   49.31    3.1    999     0 |   -0.04   0.04   0.02   0.00
0  1.67e+06   49.86 |
0  1.67e+06   49.86 |   49.86    4.7    999     0 |   -0.04   0.04  -0.10   0.00
0  1.72e+06   49.87 |
0  1.72e+06   49.87 |   49.87    3.2    999     0 |   -0.04   0.03   0.07   0.00
0  1.78e+06   49.87 |   48.88    2.8    999     0 |   -0.04   0.04   0.04   0.00
0  1.83e+06   49.87 |   31.29   17.2    684   315 |   -0.02   0.15  -0.05   0.00
0  1.88e+06   49.87 |   45.72   14.6    896   230 |   -0.04   0.05  -0.04   0.00
0  1.93e+06   54.00 |
0  1.93e+06   54.00 |   54.00    2.0    999     0 |   -0.04   0.03   0.01   0.00
0  1.98e+06   54.00 |   49.99    4.1    999     0 |   -0.05   0.03  -0.00   0.00
0  2.04e+06   54.00 |   48.94    5.3    999     0 |   -0.05   0.03  -0.06   0.00
0  2.09e+06   54.00 |   53.74    5.9    999     0 |   -0.04   0.03  -0.05   0.00
0  2.14e+06   65.47 |
0  2.14e+06   65.47 |   65.47    5.4    536   214 |    0.11   0.31   0.10   0.00
0  2.20e+06   67.55 |
0  2.20e+06   67.55 |   67.55    6.0    400    44 |    0.14   0.25   0.03   0.00
0  2.25e+06   67.55 |   59.16   21.5    320    43 |    0.18   0.26  -0.05   0.00
0  2.31e+06   67.55 |   61.97   20.9    330    24 |    0.20   0.10   0.03   0.00
0  2.36e+06   67.55 |   67.06    4.5    272    25 |    0.22   0.17  -0.01   0.00
0  2.42e+06   67.55 |   56.70   20.5    239    23 |    0.27   0.03  -0.02   0.00
0  2.48e+06   67.55 |   63.14    3.7    203    34 |    0.25   0.29  -0.01   0.00
0  2.53e+06   67.55 |   64.26    6.1    192    42 |    0.28   0.16   0.04   0.00
0  2.59e+06   67.95 |
0  2.59e+06   67.95 |   67.95    1.9    240     9 |    0.29   0.19  -0.09   0.00
0  2.64e+06   68.62 |
0  2.64e+06   68.62 |   68.62    2.4    214    14 |    0.31   0.12   0.03   0.00
0  2.70e+06   69.34 |
0  2.70e+06   69.34 |   69.34    2.4    247    13 |    0.31   0.06   0.08   0.00
0  2.76e+06   72.23 |
0  2.76e+06   72.23 |   72.23    1.8    230    20 |    0.33   0.05   0.02   0.00
0  2.81e+06   72.23 |   71.67    3.0    233    11 |    0.32   0.05   0.02   0.00
0  2.87e+06   72.23 |   69.28    1.5    200    16 |    0.35   0.04  -0.01   0.00
0  2.92e+06   72.23 |   70.93    2.6    197    19 |    0.36   0.04   0.04   0.00
0  2.98e+06   72.23 |   71.13    2.9    186    16 |    0.39   0.02   0.02   0.00
0  3.04e+06   72.23 |   71.03    6.1    186    21 |    0.39   0.02   0.05   0.00
0  3.09e+06   72.23 |   71.02    5.1    182    11 |    0.40   0.02  -0.05   0.00
0  3.15e+06   72.23 |   69.27    3.6    189    16 |    0.40   0.12   0.03   0.00
0  3.20e+06   72.23 |   71.93    4.1    180    12 |    0.41   0.03   0.12   0.00
0  3.26e+06   72.23 |   69.89    3.6    180     7 |    0.41   0.02  -0.08   0.00
0  3.32e+06   72.23 |   70.99    5.2    188     8 |    0.43   0.03  -0.03   0.00
0  3.37e+06   72.23 |   70.59    6.1    190    10 |    0.42   0.03   0.10   0.00
0  3.43e+06   73.22 |
0  3.43e+06   73.22 |   73.22    3.4    187     6 |    0.42   0.01   0.06   0.00
0  3.48e+06   73.22 |   72.37    5.2    178     6 |    0.41   0.01   0.02   0.00
0  3.54e+06   75.37 |
0  3.54e+06   75.37 |   75.37    5.3    186    17 |    0.42   0.01  -0.02   0.00
0  3.60e+06   75.37 |   67.59    3.4    165     7 |    0.44   0.03   0.01   0.00
0  3.65e+06   75.37 |   72.75    1.9    163    11 |    0.44   0.03   0.03   0.00
0  3.71e+06   75.37 |   72.94    3.0    178    10 |    0.45   0.01  -0.04   0.00
0  3.76e+06   76.41 |
0  3.76e+06   76.41 |   76.41    2.7    183     6 |    0.42   0.02  -0.07   0.00
0  3.82e+06   76.41 |   74.55    2.5    175    11 |    0.45   0.01  -0.02   0.00
0  3.88e+06   76.41 |   71.00    2.7    159     7 |    0.45   0.01  -0.10   0.00
0  3.93e+06   76.41 |   70.72    4.4    156     9 |    0.45   0.01   0.04   0.00
0  3.99e+06   76.41 |   72.97    5.2    176    18 |    0.46   0.01   0.04   0.00
0  4.04e+06   76.41 |   73.23    4.7    180    17 |    0.46   0.02   0.01   0.00
0  4.09e+06   76.41 |   74.24    3.0    176     9 |    0.45   0.01   0.04   0.00
0  4.14e+06   76.41 |   73.40    4.9    171    10 |    0.47   0.02   0.07   0.00
0  4.18e+06   76.41 |   71.59    4.3    160     8 |    0.45   0.01  -0.02   0.00
0  4.23e+06   76.41 |   72.44    4.9    166     8 |    0.45   0.02  -0.07   0.00
0  4.28e+06   76.41 |   68.01    1.9    154     6 |    0.46   0.01  -0.05   0.00
0  4.33e+06   76.41 |   70.80    4.5    158    10 |    0.46   0.02  -0.05   0.00
0  4.37e+06   76.41 |   75.37    3.0    171     6 |    0.46   0.01   0.02   0.00
0  4.41e+06   76.41 |   75.21    3.3    172     8 |    0.44   0.01  -0.19   0.00
0  4.46e+06   76.41 |   74.23    2.4    168     5 |    0.45   0.01  -0.03   0.00
0  4.51e+06   76.41 |   73.70    2.4    171     6 |    0.45   0.01   0.06   0.00
0  4.56e+06   76.41 |   73.24    1.0    157     4 |    0.47   0.02   0.02   0.00
0  4.61e+06   76.41 |   73.65    5.2    165    11 |    0.47   0.00  -0.02   0.00
0  4.65e+06   76.41 |   70.59    5.4    156    12 |    0.48   0.02   0.12   0.00
0  4.70e+06   76.41 |   71.56    3.2    152     7 |    0.48   0.01  -0.05   0.00
0  4.75e+06   76.41 |   71.17    5.1    151    11 |    0.47   0.01   0.02   0.00
0  4.80e+06   76.41 |   74.70    3.6    165     5 |    0.47   0.01   0.07   0.00
0  4.85e+06   76.41 |   74.21    5.1    165    10 |    0.47   0.01  -0.03   0.00
0  4.91e+06   76.41 |   71.41    5.1    149     5 |    0.48   0.01  -0.12   0.00
0  4.97e+06   76.41 |   75.95    3.4    163     5 |    0.48   0.01  -0.06   0.00
0  5.02e+06   76.41 |   73.19    4.2    158    10 |    0.48   0.02   0.03   0.00
0  5.08e+06   76.41 |   72.91    2.2    158     7 |    0.47   0.01  -0.08   0.00
0  5.13e+06   76.41 |   71.31    3.6    158     6 |    0.48   0.01  -0.09   0.00
0  5.19e+06   76.41 |   71.73    4.1    156    12 |    0.49   0.01  -0.02   0.00
0  5.25e+06   76.41 |   72.36    2.4    155     8 |    0.48   0.01  -0.01   0.00
0  5.30e+06   76.41 |   73.56    2.6    163    12 |    0.47   0.01   0.04   0.00
0  5.36e+06   76.41 |   70.61    2.0    160     3 |    0.47   0.01   0.05   0.00
0  5.41e+06   76.41 |   71.63    2.6    159     5 |    0.48   0.01   0.02   0.00
0  5.47e+06   76.41 |   72.48    3.3    161     8 |    0.48   0.01  -0.03   0.00
0  5.53e+06   76.41 |   76.39    5.5    157    13 |    0.48   0.01  -0.13   0.00
0  5.58e+06   76.41 |   69.07    3.7    153     8 |    0.48   0.01  -0.05   0.00
0  5.64e+06   76.41 |   69.08    3.5    148     9 |    0.49   0.01  -0.08   0.00
0  5.69e+06   76.41 |   74.16    4.5    154     8 |    0.48   0.02  -0.06   0.00
0  5.75e+06   76.41 |   71.40    3.0    154     8 |    0.50   0.01  -0.13   0.00
0  5.81e+06   76.41 |   71.01    4.1    151     7 |    0.49   0.01  -0.06   0.00
0  5.86e+06   76.41 |   72.28    1.6    148     7 |    0.49   0.02  -0.08   0.00
0  5.92e+06   76.41 |   72.98    2.7    163     8 |    0.48   0.01  -0.05   0.00
0  5.97e+06   76.41 |   72.95    4.6    147    10 |    0.50   0.02  -0.03   0.00
0  6.03e+06   76.41 |   70.76    5.0    151     9 |    0.48   0.01  -0.02   0.00
0  6.09e+06   76.41 |   72.57    4.7    146     9 |    0.48   0.02  -0.05   0.00
0  6.14e+06   76.41 |   70.69    6.5    161     8 |    0.48   0.02  -0.02   0.00
0  6.20e+06   76.41 |   73.89    1.6    155     4 |    0.48   0.01  -0.02   0.00
0  6.25e+06   76.41 |   73.76    2.0    158     4 |    0.49   0.01  -0.02   0.00
0  6.31e+06   76.41 |   74.46    2.6    158     5 |    0.47   0.01   0.04   0.00
0  6.37e+06   76.41 |   74.77    3.5    159     5 |    0.49   0.01  -0.17   0.00
0  6.42e+06   76.41 |   72.75    3.0    151    10 |    0.48   0.01   0.03   0.00
0  6.47e+06   76.41 |   74.47    4.0    158     6 |    0.47   0.01   0.02   0.00
0  6.52e+06   76.41 |   74.40    4.2    164     8 |    0.49   0.01   0.05   0.00
0  6.58e+06   76.41 |   73.98    3.9    154     4 |    0.49   0.01  -0.01   0.00
0  6.63e+06   76.41 |   74.79    4.8    155     8 |    0.49   0.01   0.04   0.00
0  6.69e+06   76.41 |   73.94    4.4    154    10 |    0.50   0.01   0.05   0.00
0  6.75e+06   76.41 |   75.41    3.5    161     8 |    0.48   0.01  -0.07   0.00
0  6.80e+06   76.41 |   73.95    2.0    156     6 |    0.49   0.02  -0.02   0.00
0  6.86e+06   76.41 |   72.81    3.8    163    11 |    0.47   0.01  -0.08   0.00
0  6.91e+06   76.41 |   67.92    2.5    148     5 |    0.47   0.02  -0.04   0.00
0  6.97e+06   76.41 |   71.83    3.3    154     4 |    0.49   0.01  -0.04   0.00
0  7.03e+06   76.41 |   72.02    3.8    152     6 |    0.47   0.01  -0.06   0.00
0  7.08e+06   76.41 |   74.90    2.1    157     6 |    0.49   0.01  -0.12   0.00
0  7.14e+06   76.41 |   71.50    2.9    153    10 |    0.49   0.01   0.08   0.00
0  7.19e+06   76.41 |   71.19    2.5    153     8 |    0.50   0.01   0.01   0.00
0  7.25e+06   76.41 |   72.28    4.2    148    11 |    0.49   0.01   0.04   0.00
0  7.31e+06   76.41 |   74.68    3.4    161     7 |    0.48   0.01  -0.03   0.00
0  7.36e+06   76.41 |   71.02    3.7    154     7 |    0.49   0.01   0.05   0.00
0  7.42e+06   76.41 |   73.59    4.1    154     6 |    0.49   0.01  -0.07   0.00
0  7.47e+06   76.41 |   73.20    5.0    153     7 |    0.49   0.01  -0.06   0.00
0  7.53e+06   76.41 |   74.62    2.5    151     7 |    0.50   0.02  -0.08   0.00
0  7.59e+06   76.41 |   75.84    3.6    166     6 |    0.50   0.01  -0.01   0.00
0  7.63e+06   76.41 |   72.89    2.7    141     6 |    0.50   0.03  -0.08   0.00
0  7.68e+06   76.41 |   73.37    3.3    154     8 |    0.50   0.02  -0.02   0.00
0  7.73e+06   76.41 |   73.51    4.0    153    14 |    0.49   0.02  -0.04   0.00
0  7.79e+06   76.41 |   72.38    2.5    163     7 |    0.47   0.01  -0.04   0.00
0  7.85e+06   76.41 |   74.93    2.5    169    20 |    0.48   0.01   0.01   0.00
0  7.90e+06   76.41 |   69.10    3.4    148    10 |    0.48   0.02  -0.11   0.00
0  7.96e+06   76.41 |   71.93    2.0    169     9 |    0.45   0.13   0.03   0.00
0  8.01e+06   76.41 |   70.76    4.1    147    14 |    0.47   0.01  -0.13   0.00
0  8.07e+06   76.41 |   70.11    3.3    152    12 |    0.48   0.01   0.01   0.00
0  8.13e+06   76.41 |   72.82    4.4    154    13 |    0.49   0.01   0.05   0.00
0  8.18e+06   76.41 |   72.30    2.7    159     9 |    0.48   0.01  -0.07   0.00
0  8.24e+06   76.41 |   73.31    2.3    152     4 |    0.49   0.01  -0.05   0.00
0  8.29e+06   76.41 |   73.11    4.1    152     8 |    0.49   0.01  -0.02   0.00
0  8.33e+06   76.41 |   72.68    5.8    158    15 |    0.47   0.01  -0.01   0.00
0  8.38e+06   76.41 |   74.38    2.8    156     9 |    0.48   0.01   0.12   0.00
0  8.43e+06   76.41 |   70.35    5.5    153    10 |    0.48   0.01  -0.01   0.00
0  8.48e+06   76.41 |   72.78    4.0    153     8 |    0.49   0.01  -0.04   0.00
0  8.53e+06   76.41 |   72.78    5.7    153    11 |    0.49   0.00   0.03   0.00
0  8.57e+06   77.30 |
0  8.57e+06   77.30 |   77.30    4.2    169    12 |    0.48   0.01  -0.03   0.00
0  8.62e+06   77.30 |   74.75    2.7    161     5 |    0.48   0.01  -0.04   0.00
0  8.67e+06   77.30 |   73.38    4.8    161     6 |    0.48   0.02  -0.08   0.00
0  8.72e+06   77.30 |   72.89    1.5    150     2 |    0.48   0.01  -0.06   0.00
0  8.77e+06   77.30 |   73.28    3.4    158     9 |    0.48   0.01  -0.17   0.00
0  8.81e+06   77.30 |   69.69    1.4    145     3 |    0.48   0.01  -0.02   0.00
0  8.86e+06   77.30 |   73.26    5.5    160    16 |    0.49   0.01  -0.08   0.00
0  8.91e+06   77.30 |   74.12    4.6    158    10 |    0.49   0.00   0.06   0.00
0  8.96e+06   77.30 |   73.56    4.0    156     9 |    0.49   0.01   0.04   0.00
0  9.02e+06   77.30 |   74.90    1.8    156    14 |    0.49   0.01  -0.01   0.00
0  9.07e+06   77.30 |   73.55    3.7    153     8 |    0.50   0.02  -0.03   0.00
0  9.13e+06   77.30 |   73.42    3.5    154     8 |    0.49   0.01  -0.05   0.00
0  9.19e+06   77.30 |   73.63    1.8    152     4 |    0.49   0.01   0.07   0.00
0  9.24e+06   77.30 |   72.87    5.8    153    10 |    0.50   0.01  -0.12   0.00
0  9.30e+06   77.30 |   72.58    5.7    150     8 |    0.49   0.01  -0.00   0.00
0  9.35e+06   77.30 |   71.91    2.6    154     5 |    0.48   0.01  -0.07   0.00
0  9.41e+06   77.30 |   74.02    3.9    153     7 |    0.50   0.01  -0.11   0.00
0  9.47e+06   77.30 |   75.50    5.3    163    10 |    0.49   0.01   0.01   0.00
0  9.52e+06   77.30 |   76.25    4.8    158    10 |    0.50   0.01   0.01   0.00
0  9.58e+06   77.30 |   74.59    1.8    161     8 |    0.49   0.01  -0.02   0.00
0  9.63e+06   77.30 |   73.10    5.1    152    12 |    0.50   0.02   0.08   0.00
0  9.69e+06   77.30 |   73.67    3.8    153     9 |    0.50   0.01  -0.15   0.00
0  9.75e+06   77.30 |   70.77    2.7    146     4 |    0.50   0.01  -0.05   0.00
0  9.80e+06   77.30 |   75.56    3.3    158    10 |    0.48   0.01   0.02   0.00
0  9.86e+06   77.30 |   73.23    3.2    154    12 |    0.50   0.01  -0.04   0.00
0  9.91e+06   77.30 |   69.53    4.5    144     5 |    0.50   0.01  -0.05   0.00
0  9.97e+06   77.30 |   73.89    3.5    160    11 |    0.49   0.02   0.07   0.00
0  1.00e+07   77.30 |   76.05    3.9    154    14 |    0.50   0.01  -0.07   0.00
0  1.01e+07   77.30 |   72.24    2.4    147     7 |    0.50   0.01   0.01   0.00
0  1.01e+07   77.30 |   74.03    3.7    154     7 |    0.49   0.01   0.09   0.00
0  1.02e+07   77.30 |   71.66    4.8    144    12 |    0.50   0.00  -0.09   0.00
0  1.03e+07   77.30 |   74.61    4.6    157    12 |    0.50   0.01  -0.16   0.00
0  1.03e+07   77.30 |   72.37    3.8    152     8 |    0.50   0.01  -0.00   0.00
0  1.04e+07   77.30 |   75.74    4.5    154    11 |    0.50   0.02   0.05   0.00
0  1.04e+07   77.30 |   76.47    3.2    148     7 |    0.51   0.01   0.08   0.00
0  1.05e+07   77.30 |   75.43    1.9    164     8 |    0.50   0.01   0.02   0.00
0  1.05e+07   77.30 |   72.69    4.8    144     9 |    0.50   0.01   0.11   0.00
0  1.06e+07   77.30 |   76.17    3.4    158    11 |    0.50   0.01  -0.00   0.00
0  1.06e+07   77.30 |   74.64    3.3    157     7 |    0.50   0.01  -0.13   0.00
0  1.07e+07   77.30 |   72.08    3.2    155     7 |    0.50   0.00   0.01   0.00
0  1.07e+07   77.30 |   72.98    2.1    150     5 |    0.51   0.01  -0.03   0.00
0  1.08e+07   77.30 |   72.73    4.3    153    13 |    0.51   0.01  -0.01   0.00
0  1.09e+07   77.30 |   68.83    2.3    142     9 |    0.50   0.01  -0.06   0.00
0  1.09e+07   77.30 |   72.88    3.3    145     4 |    0.49   0.00   0.04   0.00
0  1.09e+07   77.30 |   73.82    2.8    164     8 |    0.49   0.02  -0.06   0.00
0  1.10e+07   77.30 |   73.21    4.8    154    10 |    0.48   0.08   0.07   0.00
0  1.10e+07   77.30 |   72.43    2.2    154     6 |    0.51   0.02  -0.02   0.00
0  1.11e+07   77.30 |   72.87    2.4    148     7 |    0.50   0.01  -0.11   0.00
0  1.11e+07   77.30 |   74.24    3.7    151    10 |    0.50   0.02   0.01   0.00
0  1.12e+07   77.30 |   74.36    5.8    156    10 |    0.50   0.01  -0.02   0.00
0  1.13e+07   77.30 |   73.97    3.5    151     8 |    0.49   0.01  -0.10   0.00
0  1.13e+07   77.30 |   73.67    6.5    152    16 |    0.50   0.01   0.01   0.00
0  1.14e+07   77.30 |   75.21    2.7    152     9 |    0.50   0.01   0.00   0.00
0  1.14e+07   77.30 |   75.57    2.8    157     9 |    0.50   0.01   0.02   0.00
0  1.15e+07   77.30 |   71.78    5.0    152    11 |    0.50   0.01   0.01   0.00
0  1.15e+07   77.30 |   74.60    2.8    152    10 |    0.50   0.01  -0.04   0.00
0  1.16e+07   77.30 |   74.68    3.2    151     6 |    0.51   0.01  -0.02   0.00
0  1.17e+07   77.30 |   74.21    4.2    158    12 |    0.51   0.01   0.03   0.00
0  1.17e+07   77.30 |   74.00    5.2    161    14 |    0.50   0.01   0.02   0.00
0  1.18e+07   77.30 |   74.59    3.9    153    10 |    0.50   0.01   0.01   0.00
0  1.18e+07   77.30 |   73.43    5.9    157    13 |    0.50   0.01   0.03   0.00
0  1.19e+07   77.30 |   74.07    4.6    152    12 |    0.49   0.01   0.04   0.00
0  1.19e+07   77.30 |   73.23    4.2    152    10 |    0.50   0.01   0.11   0.00
0  1.20e+07   77.30 |   74.54    3.8    153     8 |    0.50   0.01   0.02   0.00
0  1.20e+07   77.30 |   73.20    1.6    149     6 |    0.50   0.01   0.04   0.00
0  1.21e+07   77.30 |   72.82    2.0    148     8 |    0.50   0.01  -0.08   0.00
0  1.22e+07   77.30 |   71.76    3.4    149     9 |    0.50   0.00   0.02   0.00
0  1.22e+07   77.30 |   76.69    2.4    160     6 |    0.49   0.01  -0.04   0.00
0  1.23e+07   77.30 |   72.65    2.2    148     8 |    0.50   0.01  -0.04   0.00
0  1.23e+07   77.30 |   72.53    3.8    146     8 |    0.51   0.01   0.04   0.00
0  1.24e+07   77.30 |   66.42   22.4    158    12 |    0.50   0.00   0.06   0.00
0  1.24e+07   77.30 |   73.38    3.1    150     6 |    0.51   0.05   0.05   0.00
0  1.25e+07   77.30 |   76.72    3.2    160    11 |    0.50   0.01  -0.04   0.00
0  1.25e+07   77.30 |   72.71    2.3    149     6 |    0.50   0.01  -0.02   0.00
0  1.26e+07   77.30 |   73.67    2.9    152     9 |    0.49   0.00  -0.10   0.00
0  1.27e+07   77.30 |   74.17    1.8    150     7 |    0.50   0.02   0.07   0.00
0  1.27e+07   77.30 |   73.36    4.6    157     4 |    0.49   0.03  -0.12   0.00
0  1.28e+07   77.30 |   74.15    4.8    156    12 |    0.50   0.02   0.10   0.00
0  1.28e+07   77.30 |   72.18    5.2    153    12 |    0.50   0.01   0.01   0.00
0  1.29e+07   77.30 |   75.10    3.8    162     9 |    0.49   0.01   0.05   0.00
0  1.29e+07   77.30 |   74.88    2.3    155     7 |    0.49   0.02  -0.08   0.00
0  1.30e+07   77.30 |   75.46    3.0    153     8 |    0.50   0.01   0.03   0.00
0  1.30e+07   77.30 |   73.27    2.9    152     4 |    0.50   0.02  -0.06   0.00
0  1.31e+07   77.30 |   74.27    4.1    162    10 |    0.49   0.01  -0.05   0.00
0  1.31e+07   77.30 |   70.69    5.4    149    10 |    0.50   0.01  -0.00   0.00
0  1.32e+07   77.30 |   76.94    5.3    164     8 |    0.48   0.01  -0.07   0.00
0  1.32e+07   77.30 |   74.83    4.1    155    14 |    0.51   0.01   0.01   0.00
0  1.33e+07   77.30 |   72.61    2.9    155     6 |    0.49   0.01  -0.04   0.00
0  1.33e+07   77.30 |   73.87    2.0    153     7 |    0.50   0.01   0.03   0.00
0  1.34e+07   77.30 |   75.03    0.6    157     4 |    0.49   0.00   0.11   0.00
0  1.34e+07   77.30 |   74.27    3.1    150     7 |    0.50   0.02  -0.03   0.00
0  1.35e+07   77.30 |   70.98    4.0    151     9 |    0.50   0.01   0.06   0.00
0  1.35e+07   77.30 |   74.77    3.9    154    15 |    0.50   0.03   0.01   0.00
0  1.36e+07   77.30 |   74.55    4.3    162     7 |    0.47   0.01  -0.01   0.00
0  1.36e+07   77.30 |   74.15    3.7    152    10 |    0.50   0.01   0.02   0.00
0  1.37e+07   77.30 |   74.19    3.0    152    11 |    0.49   0.02  -0.00   0.00
0  1.37e+07   77.30 |   72.66    5.2    157    12 |    0.48   0.00   0.04   0.00
0  1.38e+07   77.30 |   74.50    4.1    153     7 |    0.49   0.02  -0.11   0.00
0  1.38e+07   77.30 |   73.45    2.6    156     8 |    0.48   0.03  -0.00   0.00
0  1.39e+07   77.30 |   75.74    4.3    161     5 |    0.48   0.01  -0.08   0.00
0  1.39e+07   77.30 |   76.17    1.8    159     8 |    0.49   0.01   0.11   0.00
0  1.40e+07   77.30 |   72.35    4.3    153     9 |    0.51   0.01  -0.07   0.00
0  1.40e+07   77.30 |   74.50    3.1    153    10 |    0.50   0.01  -0.06   0.00
0  1.41e+07   77.30 |   72.00    5.3    160    11 |    0.47   0.01  -0.08   0.00
0  1.41e+07   77.30 |   69.71    2.5    146     6 |    0.49   0.01   0.03   0.00
0  1.41e+07   77.30 |   73.25    4.4    153     7 |    0.48   0.01  -0.03   0.00
0  1.42e+07   77.30 |   74.63    2.8    150    10 |    0.49   0.01   0.02   0.00
0  1.42e+07   77.30 |   73.56    5.1    154     8 |    0.50   0.01  -0.12   0.00
0  1.43e+07   77.30 |   74.14    3.5    154     6 |    0.49   0.01  -0.07   0.00
0  1.43e+07   77.30 |   72.00    3.2    151     3 |    0.49   0.01  -0.06   0.00
0  1.44e+07   77.30 |   73.14    1.7    155     7 |    0.50   0.01  -0.09   0.00
0  1.45e+07   77.30 |   72.07    5.4    150     8 |    0.50   0.01   0.02   0.00
0  1.45e+07   77.30 |   73.50    3.1    151     7 |    0.50   0.01  -0.09   0.00
0  1.46e+07   77.30 |   54.15    3.6    999     0 |   -0.02   0.04  -0.09   0.00
0  1.46e+07   77.30 |   52.28    5.0    999     0 |   -0.05   0.03   0.01   0.00
0  1.47e+07   77.30 |   74.87    3.1    161    11 |    0.47   0.03  -0.05   0.00
0  1.47e+07   77.30 |   74.56    2.7    160     7 |    0.49   0.01   0.00   0.00
0  1.48e+07   77.30 |   72.96    4.1    156     7 |    0.49   0.01  -0.06   0.00
0  1.48e+07   77.30 |   76.18    4.9    157    10 |    0.50   0.00   0.05   0.00
0  1.49e+07   77.30 |   70.94    5.1    151    11 |    0.49   0.01  -0.02   0.00
0  1.49e+07   77.30 |   75.27    4.3    157     8 |    0.50   0.01   0.05   0.00
0  1.50e+07   77.30 |   72.84    3.4    152     9 |    0.50   0.01   0.05   0.00
0  1.51e+07   77.30 |   73.08    5.9    159    13 |    0.47   0.01  -0.03   0.00
0  1.51e+07   77.30 |   74.38    4.0    152     9 |    0.50   0.01   0.00   0.00
0  1.52e+07   77.30 |   75.55    2.0    169     6 |    0.49   0.01  -0.13   0.00
0  1.52e+07   77.30 |   71.25    3.7    152    10 |    0.49   0.01  -0.04   0.00
0  1.53e+07   77.30 |   73.64    2.5    150     6 |    0.50   0.01  -0.03   0.00
0  1.53e+07   77.30 |   71.22    3.4    155     4 |    0.48   0.00  -0.09   0.00
0  1.54e+07   77.30 |   74.28    5.6    150    10 |    0.50   0.01   0.07   0.00
0  1.55e+07   77.30 |   74.97    3.1    150     8 |    0.50   0.00  -0.17   0.00
0  1.55e+07   77.30 |   73.28    4.5    156    11 |    0.49   0.01  -0.00   0.00
0  1.56e+07   77.30 |   74.51    3.4    152     6 |    0.50   0.01   0.02   0.00
0  1.56e+07   77.30 |   73.12    3.3    154     5 |    0.49   0.00  -0.00   0.00
0  1.57e+07   77.30 |   73.65    3.8    154    10 |    0.49   0.00  -0.04   0.00
0  1.57e+07   77.30 |   72.68    6.1    150    11 |    0.50   0.01   0.10   0.00
0  1.58e+07   77.30 |   75.10    3.0    153     9 |    0.49   0.01   0.02   0.00
0  1.58e+07   77.30 |   74.00    2.1    154     2 |    0.50   0.01   0.01   0.00
0  1.59e+07   77.30 |   74.37    5.3    159    10 |    0.50   0.00   0.03   0.00
0  1.60e+07   77.30 |   74.24    2.1    154     4 |    0.50   0.01   0.05   0.00
0  1.60e+07   77.30 |   76.01    2.9    152    10 |    0.51   0.01  -0.05   0.00
0  1.61e+07   77.30 |   73.59    4.1    154     7 |    0.51   0.01  -0.05   0.00
0  1.61e+07   77.30 |   73.11    2.3    148     5 |    0.50   0.01  -0.03   0.00
0  1.62e+07   77.30 |   72.21    3.9    148     5 |    0.50   0.01  -0.09   0.00
0  1.62e+07   77.30 |   75.41    4.4    151    12 |    0.50   0.01  -0.08   0.00
0  1.63e+07   77.30 |   70.71    3.1    142     9 |    0.51   0.01   0.06   0.00
0  1.63e+07   77.30 |   72.62    3.7    150     7 |    0.51   0.01  -0.02   0.00
0  1.64e+07   77.30 |   74.62    2.2    153     8 |    0.49   0.00  -0.03   0.00
0  1.65e+07   77.30 |   72.55    3.1    154    12 |    0.50   0.01  -0.08   0.00
0  1.65e+07   77.30 |   75.15    5.5    154     7 |    0.50   0.01  -0.07   0.00
0  1.66e+07   77.30 |   75.27    3.6    153     8 |    0.50   0.00  -0.08   0.00
0  1.66e+07   77.30 |   72.71    2.9    144     3 |    0.51   0.01  -0.10   0.00
0  1.67e+07   77.30 |   73.14    3.4    146    11 |    0.50   0.01  -0.11   0.00
0  1.67e+07   77.30 |   71.97    3.6    149    10 |    0.46   0.13  -0.00   0.00
0  1.68e+07   77.30 |   73.73    3.1    152     6 |    0.50   0.00  -0.01   0.00
0  1.69e+07   77.30 |   76.78    2.9    159     8 |    0.49   0.00  -0.05   0.00
0  1.69e+07   77.30 |   71.06    4.0    148     9 |    0.51   0.00   0.02   0.00
0  1.70e+07   77.33 |
0  1.70e+07   77.33 |   77.33    2.8    150     6 |    0.50   0.01  -0.02   0.00
0  1.70e+07   77.33 |   72.79    5.0    150     8 |    0.49   0.00  -0.09   0.00
0  1.71e+07   77.33 |   71.76    2.6    140     4 |    0.51   0.01  -0.12   0.00
0  1.71e+07   77.96 |
0  1.71e+07   77.96 |   77.96    3.3    160     9 |    0.50   0.01   0.01   0.00
0  1.72e+07   77.96 |   76.84    1.6    156     5 |    0.51   0.01  -0.07   0.00
0  1.72e+07   77.96 |   71.23    3.5    144     9 |    0.51   0.01   0.07   0.00
0  1.73e+07   77.96 |   73.22    2.2    150     6 |    0.50   0.01   0.11   0.00
0  1.74e+07   77.96 |   70.63    6.3    147    10 |    0.51   0.01  -0.04   0.00
0  1.74e+07   77.96 |   74.70    2.2    161     3 |    0.51   0.00   0.03   0.00
0  1.75e+07   77.96 |   77.73    2.4    158     8 |    0.51   0.01  -0.05   0.00
0  1.75e+07   77.96 |   73.28    3.8    149     9 |    0.49   0.01   0.02   0.00
0  1.76e+07   77.96 |   72.39    4.0    148     5 |    0.49   0.01  -0.03   0.00
0  1.76e+07   77.96 |   70.88    2.7    142     5 |    0.51   0.01  -0.00   0.00
0  1.77e+07   77.96 |   75.34    4.2    151     8 |    0.50   0.00  -0.02   0.00
0  1.77e+07   77.96 |   70.02    3.5    143     7 |    0.51   0.01  -0.09   0.00
0  1.78e+07   77.96 |   74.72    5.8    154    11 |    0.49   0.11   0.01   0.00
0  1.79e+07   77.96 |   71.66    4.8    150     9 |    0.51   0.01  -0.05   0.00
0  1.79e+07   77.96 |   70.87    2.1    145     3 |    0.50   0.01  -0.01   0.00
0  1.80e+07   77.96 |   71.33    2.2    143     5 |    0.50   0.00  -0.07   0.00
0  1.80e+07   77.96 |   72.94    3.6    157     6 |    0.50   0.00  -0.03   0.00
0  1.81e+07   77.96 |   74.79    4.2    151    11 |    0.50   0.01  -0.03   0.00
0  1.81e+07   77.96 |   75.33    1.7    178     5 |    0.45   0.01  -0.05   0.00
0  1.82e+07   77.96 |   69.54    2.6    143     6 |    0.50   0.01   0.15   0.00
0  1.83e+07   77.96 |   73.07    4.1    148    10 |    0.51   0.01   0.07   0.00
0  1.83e+07   77.96 |   69.79    3.8    147     5 |    0.50   0.00   0.02   0.00
0  1.84e+07   77.96 |   74.12    2.0    150     8 |    0.51   0.00  -0.10   0.00
0  1.84e+07   77.96 |   74.45    3.5    152     8 |    0.50   0.01   0.04   0.00
0  1.85e+07   77.96 |   72.59    4.6    153     6 |    0.50   0.01  -0.04   0.00
0  1.85e+07   77.96 |   72.03    5.1    149     9 |    0.50   0.01  -0.05   0.00
0  1.86e+07   77.96 |   72.40    4.6    152    13 |    0.50   0.00  -0.06   0.00
0  1.86e+07   77.96 |   75.12    2.4    154     6 |    0.50   0.00  -0.03   0.00
0  1.87e+07   77.96 |   71.85    3.5    150     7 |    0.50   0.00   0.16   0.00
0  1.88e+07   77.96 |   77.28    3.7    156     8 |    0.51   0.00  -0.02   0.00
0  1.88e+07   77.96 |   74.23    3.5    147     9 |    0.51   0.00  -0.10   0.00
0  1.89e+07   77.96 |   72.42    4.5    147     8 |    0.50   0.01  -0.06   0.00
0  1.89e+07   77.96 |   74.42    2.4    151     7 |    0.51   0.01  -0.06   0.00
0  1.90e+07   77.96 |   73.49    2.7    148    10 |    0.51   0.01  -0.02   0.00
0  1.90e+07   77.96 |   72.29    3.4    143     7 |    0.51   0.01  -0.05   0.00
0  1.91e+07   77.96 |   75.67    3.7    157     7 |    0.51   0.00   0.08   0.00
0  1.91e+07   77.96 |   75.23    4.2    154     8 |    0.50   0.00  -0.09   0.00
0  1.92e+07   77.96 |   70.80    4.0    138     5 |    0.51   0.01  -0.22   0.00
0  1.92e+07   78.20 |
0  1.92e+07   78.20 |   78.20    2.2    159     5 |    0.51   0.01  -0.00   0.00
0  1.93e+07   78.20 |   73.54    4.8    144     8 |    0.51   0.01  -0.03   0.00
0  1.94e+07   78.20 |   74.34    4.1    154    10 |    0.51   0.00  -0.02   0.00
0  1.94e+07   78.20 |   75.44    2.2    144     5 |    0.52   0.01  -0.13   0.00
0  1.95e+07   78.20 |   71.11    3.5    145     7 |    0.51   0.01  -0.03   0.00
0  1.95e+07   78.20 |   75.30    4.2    154     7 |    0.51   0.01  -0.01   0.00
0  1.96e+07   78.20 |   73.78    5.4    144    12 |    0.49   0.14   0.12   0.00
0  1.96e+07   78.20 |   71.90    1.8    142     6 |    0.51   0.01  -0.04   0.00
0  1.97e+07   78.20 |   72.25    3.2    141     6 |    0.51   0.01   0.02   0.00
0  1.98e+07   78.20 |   76.33    3.9    151    11 |    0.51   0.01   0.05   0.00
0  1.98e+07   78.20 |   78.05    2.9    153     8 |    0.51   0.00   0.00   0.00
0  1.99e+07   78.20 |   75.21    4.3    149     7 |    0.51   0.00   0.03   0.00
0  1.99e+07   78.20 |   72.48    4.3    148     3 |    0.50   0.01  -0.03   0.00
0  2.00e+07   78.20 |   58.36   23.8    136    11 |    0.46   0.06  -0.06   0.00
0  2.00e+07   78.20 |   66.19    5.0    140     8 |    0.47   0.02  -0.05   0.00
0  2.01e+07   78.20 |   72.69    4.8    148     9 |    0.48   0.03  -0.11   0.00
0  2.01e+07   78.20 |   75.33    1.6    155     6 |    0.49   0.01  -0.13   0.00
0  2.02e+07   78.20 |   74.18    3.8    156     8 |    0.50   0.01  -0.07   0.00
0  2.03e+07   78.20 |   71.64    2.3    150     6 |    0.49   0.01  -0.06   0.00
0  2.03e+07   78.20 |   73.67    3.3    156     5 |    0.48   0.07  -0.00   0.00
0  2.04e+07   78.20 |   75.03    4.0    155    11 |    0.50   0.02  -0.05   0.00
0  2.04e+07   78.20 |   73.36    5.7    154     9 |    0.50   0.01   0.00   0.00
0  2.05e+07   78.20 |   72.31    4.9    152    13 |    0.50   0.01  -0.12   0.00
0  2.05e+07   78.20 |   73.21    2.5    148    11 |    0.48   0.01  -0.00   0.00
0  2.06e+07   78.20 |   74.80    2.6    150    12 |    0.50   0.01   0.04   0.00
0  2.07e+07   78.20 |   72.61    4.8    158    11 |    0.47   0.02   0.00   0.00
0  2.07e+07   78.20 |   75.45    3.4    154    12 |    0.50   0.01   0.01   0.00
0  2.08e+07   78.20 |   73.32    4.5    145    11 |    0.50   0.01  -0.09   0.00
0  2.08e+07   78.20 |   72.83    4.2    152     9 |    0.49   0.01  -0.04   0.00
0  2.09e+07   78.20 |   75.27    4.1    156     6 |    0.49   0.00  -0.05   0.00
0  2.09e+07   78.20 |   75.94    3.0    156     6 |    0.51   0.00   0.01   0.00
0  2.10e+07   78.20 |   76.72    4.6    158     9 |    0.51   0.00  -0.01   0.00
0  2.10e+07   78.20 |   75.73    3.5    160    11 |    0.49   0.02   0.01   0.00
0  2.11e+07   78.20 |   72.34    4.6    150     6 |    0.50   0.02   0.16   0.00
0  2.12e+07   78.20 |   72.47    3.0    151     6 |    0.50   0.01  -0.01   0.00
0  2.12e+07   78.20 |   74.62    2.4    150     4 |    0.51   0.01  -0.03   0.00
0  2.13e+07   78.20 |   75.21    4.2    152     8 |    0.50   0.00  -0.11   0.00
0  2.13e+07   78.20 |   71.90    4.5    148     4 |    0.51   0.01  -0.01   0.00
0  2.14e+07   78.20 |   72.00    3.6    147     6 |    0.51   0.00  -0.02   0.00
0  2.14e+07   78.20 |   72.57    2.8    152     9 |    0.50   0.01  -0.06   0.00
0  2.15e+07   78.20 |   74.95    3.2    158     7 |    0.49   0.00   0.01   0.00
0  2.15e+07   78.20 |   72.26    4.6    144     7 |    0.50   0.01   0.02   0.00
0  2.16e+07   78.20 |   76.47    3.0    156     9 |    0.50   0.01   0.02   0.00
0  2.16e+07   78.20 |   74.92    3.6    160    11 |    0.51   0.01   0.06   0.00
0  2.17e+07   78.20 |   75.38    4.2    159    12 |    0.49   0.00  -0.02   0.00
0  2.18e+07   78.20 |   74.34    3.9    152     5 |    0.50   0.00   0.11   0.00
0  2.18e+07   78.20 |   74.93    3.8    153     7 |    0.51   0.01  -0.04   0.00
0  2.19e+07   78.20 |   73.13    5.0    152    10 |    0.50   0.00  -0.05   0.00
0  2.19e+07   78.20 |   73.49    4.7    151    16 |    0.51   0.01   0.09   0.00
0  2.20e+07   78.20 |   74.56    2.5    155     7 |    0.50   0.00  -0.09   0.00
0  2.20e+07   78.20 |   75.71    2.4    152    10 |    0.51   0.01  -0.00   0.00
0  2.21e+07   78.20 |   72.41    2.5    150     7 |    0.50   0.01   0.11   0.00
0  2.22e+07   78.20 |   74.69    4.3    154    10 |    0.50   0.00  -0.00   0.00
0  2.22e+07   78.20 |   75.52    3.0    149     8 |    0.51   0.01   0.00   0.00
0  2.23e+07   78.20 |   70.91    2.8    145     6 |    0.51   0.01   0.03   0.00
0  2.23e+07   78.20 |   74.33    5.0    153    11 |    0.51   0.01  -0.07   0.00
0  2.24e+07   78.20 |   73.22    6.0    148    11 |    0.50   0.01   0.04   0.00
0  2.24e+07   78.20 |   72.21    3.9    140     8 |    0.51   0.01  -0.01   0.00
0  2.25e+07   78.20 |   70.88    4.1    144     7 |    0.51   0.00  -0.10   0.00
0  2.25e+07   78.20 |   73.19    6.1    150    14 |    0.51   0.00  -0.09   0.00
0  2.26e+07   78.20 |   76.40    4.6    158     8 |    0.51   0.00   0.01   0.00
0  2.26e+07   78.20 |   72.03    2.9    149     6 |    0.50   0.01  -0.02   0.00
0  2.27e+07   78.20 |   74.40    1.9    154     9 |    0.50   0.00  -0.06   0.00
0  2.27e+07   78.20 |   53.76    4.0    999     0 |   -0.04   0.03   0.08   0.00
0  2.28e+07   78.20 |   52.11    4.7    999     0 |   -0.05   0.03   0.05   0.00
0  2.28e+07   78.20 |   53.45    4.3    999     0 |   -0.04   0.02  -0.16   0.00
0  2.29e+07   78.20 |   54.07    3.6    999     0 |   -0.05   0.02   0.03   0.00
0  2.29e+07   78.20 |   52.56    3.8    999     0 |   -0.05   0.01  -0.02   0.00
0  2.30e+07   78.20 |   51.77    5.0    999     0 |   -0.05   0.01  -0.05   0.00
0  2.30e+07   78.20 |   52.87    3.6    999     0 |   -0.00   0.03   0.04   0.00
0  2.31e+07   78.20 |   72.38    3.9    280    75 |    0.32   0.03  -0.01   0.00
0  2.31e+07   78.20 |   71.27    5.8    178    16 |    0.42   0.01  -0.05   0.00
0  2.32e+07   78.20 |   71.70    4.4    174     9 |    0.43   0.01  -0.04   0.00
0  2.33e+07   78.20 |   73.18    4.8    180    12 |    0.43   0.01  -0.11   0.00
0  2.33e+07   78.20 |   75.37    2.9    164    20 |    0.45   0.04  -0.07   0.00
0  2.34e+07   78.20 |   68.32    2.5    148    10 |    0.48   0.02  -0.03   0.00
0  2.34e+07   78.20 |   71.58    4.0    155     8 |    0.47   0.01  -0.04   0.00
0  2.35e+07   78.20 |   70.24    5.9    153     4 |    0.48   0.01  -0.05   0.00
0  2.35e+07   78.20 |   72.67    4.0    156     5 |    0.48   0.02  -0.10   0.00
0  2.36e+07   78.20 |   75.19    4.8    156    11 |    0.50   0.01  -0.08   0.00
0  2.36e+07   78.20 |   73.53    3.3    164     7 |    0.46   0.07  -0.03   0.00
0  2.37e+07   78.20 |   63.55   21.9    156     8 |    0.49   0.01   0.00   0.00
0  2.38e+07   78.20 |   72.37    3.7    152     9 |    0.51   0.01  -0.01   0.00
0  2.38e+07   78.20 |   73.59    3.5    152     5 |    0.50   0.01  -0.19   0.00
0  2.39e+07   78.20 |   73.86    2.4    150     7 |    0.51   0.01   0.02   0.00
0  2.39e+07   78.20 |   73.85    3.8    153     8 |    0.51   0.01  -0.06   0.00
0  2.40e+07   78.20 |   72.56    5.1    150     8 |    0.50   0.01  -0.09   0.00
0  2.40e+07   78.20 |   75.07    4.5    153    10 |    0.50   0.01   0.03   0.00
0  2.41e+07   78.20 |   74.25    4.2    150    10 |    0.50   0.01  -0.00   0.00
0  2.41e+07   78.20 |   73.04    4.1    146     7 |    0.51   0.01   0.04   0.00
0  2.42e+07   78.20 |   71.31    4.0    142     8 |    0.51   0.01  -0.05   0.00
0  2.42e+07   78.20 |   73.40    3.6    154     8 |    0.50   0.01  -0.00   0.00
0  2.43e+07   78.20 |   73.42    4.5    149     7 |    0.51   0.00   0.07   0.00
0  2.43e+07   78.20 |   71.97    5.3    146     6 |    0.51   0.01  -0.06   0.00
0  2.44e+07   78.20 |   72.60    4.7    145     9 |    0.51   0.02  -0.02   0.00
0  2.44e+07   78.20 |   74.37    6.0    155    16 |    0.50   0.01  -0.04   0.00
0  2.45e+07   78.20 |   74.16    3.0    150     8 |    0.48   0.06  -0.08   0.00
0  2.45e+07   78.20 |   74.29    5.2    170     8 |    0.33   0.07   0.01   0.00
0  2.46e+07   78.20 |   70.59    3.0    144     6 |    0.48   0.07  -0.05   0.00
0  2.47e+07   78.20 |   71.32    3.3    146     7 |    0.51   0.03   0.01   0.00
0  2.47e+07   78.20 |   74.73    3.6    154     8 |    0.50   0.00  -0.07   0.00
0  2.48e+07   78.20 |   73.73    4.2    152    14 |    0.50   0.01   0.11   0.00
0  2.48e+07   78.20 |   71.77    3.8    158    10 |    0.46   0.03  -0.03   0.00
0  2.49e+07   78.20 |   73.34    4.3    152     7 |    0.49   0.02  -0.12   0.00
0  2.49e+07   78.20 |   73.24    2.9    148     6 |    0.49   0.04   0.16   0.00
0  2.50e+07   78.20 |   69.59    3.6    143     5 |    0.46   0.06  -0.03   0.00
0  2.50e+07   78.20 |   68.13    7.3    292   316 |    0.48   0.03   0.02   0.00
0  2.51e+07   78.20 |   61.70    7.5    279   322 |   -0.01   0.02  -0.03   0.00
0  2.51e+07   78.20 |   58.37    8.0    421   409 |    0.10   0.01  -0.03   0.00
0  2.52e+07   78.20 |   57.39    7.7    278   323 |    0.31   0.03  -0.04   0.00
0  2.52e+07   78.20 |   59.95    8.3    570   429 |   -0.03   0.02   0.02   0.00
0  2.53e+07   78.20 |   57.79    7.4    567   432 |    0.08   0.03   0.02   0.00
0  2.53e+07   78.20 |   61.22    5.5    275   324 |    0.17   0.03  -0.06   0.00
0  2.54e+07   78.20 |   57.90    5.7    566   433 |    0.03   0.01  -0.02   0.00
0  2.55e+07   78.20 |   64.54    6.0    280   321 |    0.10   0.03  -0.05   0.00
0  2.55e+07   78.20 |   60.52    5.6    420   409 |    0.24   0.02  -0.01   0.00
0  2.56e+07   78.20 |   62.84    8.0    426   405 |    0.23   0.02   0.09   0.00
0  2.56e+07   78.20 |   56.60    7.8    568   431 |    0.07   0.03   0.06   0.00
0  2.57e+07   78.20 |   54.10    3.1    999     0 |    0.04   0.02   0.09   0.00
0  2.57e+07   78.20 |   57.29    6.5    710   409 |    0.06   0.01  -0.03   0.00
0  2.58e+07   78.20 |   63.53    7.4    282   321 |    0.20   0.02  -0.05   0.00
0  2.58e+07   78.20 |   64.34    4.8    278   322 |    0.04   0.01   0.04   0.00
0  2.59e+07   78.20 |   61.49    4.5    421   409 |    0.11   0.01  -0.04   0.00
0  2.60e+07   78.20 |   60.12    2.7    275   324 |    0.25   0.02   0.00   0.00
0  2.60e+07   78.20 |   56.88    4.9    709   410 |    0.07   0.02  -0.08   0.00
0  2.61e+07   78.20 |   53.23    4.3    999     0 |    0.03   0.04  -0.01   0.00
0  2.61e+07   78.20 |   61.62    1.7    127     4 |    0.34   0.02   0.05   0.00
0  2.62e+07   78.20 |   59.74    8.6    715   402 |    0.23   0.03   0.14   0.00
0  2.62e+07   78.20 |   50.45   16.1    728   385 |    0.01   0.01   0.06   0.00
0  2.63e+07   78.20 |   55.10    5.7    854   325 |    0.22   0.04  -0.15   0.00
0  2.63e+07   78.20 |   60.21    4.4    420   410 |    0.36   0.01  -0.18   0.00
0  2.64e+07   78.20 |   67.48    4.6    139    10 |    0.36   0.03   0.02   0.00
0  2.65e+07   78.20 |   63.37    9.3    424   407 |    0.23   0.02   0.07   0.00
0  2.65e+07   78.20 |   71.78    5.1    139    10 |    0.24   0.02  -0.06   0.00
0  2.66e+07   78.20 |   54.93    5.5    999     0 |   -0.00   0.01   0.01   0.00
0  2.66e+07   78.20 |   66.53    5.9    282   321 |    0.15   0.02   0.00   0.00
0  2.67e+07   78.20 |   68.29    7.2    287   319 |    0.26   0.03   0.06   0.00
0  2.67e+07   78.20 |   61.91    9.5    716   400 |    0.12   0.02  -0.03   0.00
0  2.68e+07   78.20 |   55.45   10.4    859   313 |    0.02   0.03   0.03   0.00
0  2.68e+07   78.20 |   66.19    7.8    428   403 |    0.23   0.02  -0.10   0.00
0  2.69e+07   78.20 |   62.30    7.4    423   408 |    0.27   0.03   0.01   0.00
0  2.69e+07   78.20 |   65.49    9.6    430   403 |    0.25   0.03   0.06   0.00
0  2.70e+07   78.20 |   65.81   10.0    426   405 |    0.20   0.02  -0.05   0.00
0  2.71e+07   78.20 |   62.01    8.0    570   429 |    0.35   0.06  -0.03   0.00
0  2.71e+07   78.20 |   58.44    7.4    711   408 |    0.03   0.03  -0.04   0.00
0  2.72e+07   78.20 |   61.67    7.0    714   403 |    0.11   0.04   0.01   0.00
0  2.72e+07   78.20 |   61.43    7.1    715   401 |    0.17   0.01  -0.10   0.00
0  2.73e+07   78.20 |   57.96    9.5    711   408 |    0.13   0.04   0.11   0.00
0  2.73e+07   78.20 |   66.98    2.5    138     6 |    0.36   0.02  -0.01   0.00
0  2.74e+07   78.20 |   55.80    8.0    855   322 |    0.23   0.03   0.04   0.00
0  2.74e+07   78.20 |   54.39    2.9    999     0 |   -0.00   0.01  -0.13   0.00
0  2.75e+07   78.20 |   60.64    9.4    570   429 |    0.37   0.02  -0.05   0.00
0  2.75e+07   78.20 |   68.64    4.8    135     4 |    0.36   0.02  -0.05   0.00
0  2.76e+07   78.20 |   63.25    7.4    715   402 |    0.07   0.02  -0.04   0.00
0  2.77e+07   78.20 |   62.30   10.4    428   404 |    0.06   0.02   0.00   0.00
0  2.77e+07   78.20 |   56.24    5.7    854   324 |    0.07   0.01   0.09   0.00
0  2.78e+07   78.20 |   56.46    6.1    855   323 |    0.09   0.03  -0.05   0.00
0  2.78e+07   78.20 |   65.69    9.1    576   423 |    0.36   0.02  -0.01   0.00
0  2.79e+07   78.20 |   70.20    5.8    288   318 |    0.47   0.09  -0.06   0.00
0  2.79e+07   78.20 |   61.42   21.5    344   140 |    0.44   0.03   0.01   0.00
0  2.80e+07   78.20 |   57.96    7.5    817   258 |    0.39   0.07   0.09   0.00
0  2.80e+07   78.20 |   71.30    4.7    436   141 |    0.39   0.06  -0.03   0.00
0  2.81e+07   78.20 |   70.40    5.0    143    10 |    0.48   0.05  -0.08   0.00
0  2.81e+07   78.20 |   72.33    5.0    158    19 |    0.46   0.04   0.03   0.00
0  2.82e+07   78.20 |   72.40    4.0    214    64 |    0.47   0.04  -0.03   0.00
0  2.83e+07   78.20 |   71.57    5.0    193    31 |    0.47   0.02  -0.07   0.00
0  2.83e+07   78.20 |   72.86    3.9    162    17 |    0.49   0.03   0.04   0.00
0  2.84e+07   78.20 |   74.10    3.4    175    41 |    0.46   0.06  -0.06   0.00
0  2.84e+07   78.20 |   73.82    2.5    160    16 |    0.49   0.02   0.06   0.00
0  2.85e+07   78.20 |   68.97    3.6    171    14 |    0.41   0.04  -0.01   0.00
0  2.85e+07   78.20 |   63.24   21.5    159    10 |    0.45   0.08  -0.01   0.00
0  2.86e+07   78.20 |   71.76    5.3    164    11 |    0.48   0.01  -0.00   0.00
0  2.87e+07   78.20 |   69.48    4.1    166    20 |    0.43   0.12  -0.10   0.00
0  2.87e+07   78.20 |   70.65    3.6    153    19 |    0.48   0.02   0.03   0.00
0  2.88e+07   78.20 |   64.29   22.2    163     7 |    0.49   0.01   0.09   0.00
0  2.88e+07   78.20 |   70.50    2.1    150     6 |    0.49   0.01  -0.02   0.00
0  2.89e+07   78.20 |   71.80    4.2    151     8 |    0.49   0.01  -0.04   0.00
0  2.89e+07   78.20 |   72.63    4.1    153     7 |    0.49   0.01   0.01   0.00
0  2.90e+07   78.20 |   73.08    3.6    154     5 |    0.49   0.01  -0.03   0.00
0  2.91e+07   78.20 |   75.39    1.3    152     5 |    0.49   0.01   0.04   0.00
0  2.91e+07   78.20 |   72.60    2.4    163     9 |    0.44   0.01   0.02   0.00
0  2.92e+07   78.20 |   72.26    3.8    159     4 |    0.47   0.01  -0.08   0.00
0  2.92e+07   78.20 |   72.24    4.1    152     6 |    0.49   0.01  -0.00   0.00
0  2.93e+07   78.20 |   71.15    3.2    158     6 |    0.48   0.01   0.04   0.00
0  2.93e+07   78.20 |   70.29    4.8    152    11 |    0.49   0.01  -0.01   0.00
0  2.94e+07   78.20 |   73.42    6.0    150    14 |    0.49   0.01   0.11   0.00
0  2.95e+07   78.20 |   74.81    4.5    157     6 |    0.50   0.01   0.01   0.00
0  2.95e+07   78.20 |   72.54    4.4    147     7 |    0.49   0.00   0.06   0.00
0  2.96e+07   78.20 |   75.29    5.1    159     8 |    0.48   0.01   0.01   0.00
0  2.96e+07   78.20 |   71.78    3.5    148     9 |    0.50   0.01   0.06   0.00
0  2.97e+07   78.20 |   72.21    4.5    149    10 |    0.50   0.01   0.02   0.00
0  2.97e+07   78.20 |   61.88    2.6    134     8 |    0.44   0.03  -0.03   0.00
0  2.98e+07   78.20 |   63.94    6.1    137    12 |    0.47   0.01   0.03   0.00
0  2.98e+07   78.20 |   67.69    4.6    134    11 |    0.47   0.01   0.04   0.00
0  2.99e+07   78.20 |   67.14    2.8    140     3 |    0.49   0.01   0.12   0.00
0  2.99e+07   78.20 |   69.89    4.2    140    11 |    0.49   0.01   0.06   0.00
0  3.00e+07   78.20 |   69.51    3.4    144     8 |    0.50   0.00  -0.03   0.00
0  3.00e+07   78.20 |   72.71    3.7    146     8 |    0.50   0.00  -0.08   0.00
0  3.01e+07   78.20 |   72.42    3.0    146     8 |    0.50   0.01  -0.00   0.00
0  3.01e+07   78.20 |   72.10    2.6    145     9 |    0.49   0.01  -0.11   0.00
0  3.02e+07   78.20 |   74.53    5.6    151     8 |    0.50   0.01   0.01   0.00
0  3.03e+07   78.20 |   74.30    3.3    147     6 |    0.50   0.00   0.01   0.00
0  3.03e+07   78.20 |   68.87    2.1    140     5 |    0.51   0.00  -0.08   0.00
0  3.04e+07   78.20 |   72.65    3.7    148     8 |    0.50   0.00  -0.01   0.00
0  3.04e+07   78.20 |   70.45    3.5    144     6 |    0.51   0.00   0.03   0.00
0  3.05e+07   78.20 |   70.61    2.4    146     6 |    0.51   0.00  -0.05   0.00
0  3.05e+07   78.20 |   73.01    3.6    144    11 |    0.51   0.01  -0.08   0.00
0  3.06e+07   78.20 |   74.13    2.9    152    13 |    0.50   0.01  -0.05   0.00
0  3.06e+07   78.20 |   73.61    4.7    154    12 |    0.50   0.00   0.03   0.00
0  3.07e+07   78.20 |   72.77    5.3    149    12 |    0.51   0.01   0.06   0.00
0  3.08e+07   78.20 |   72.51    5.8    157    27 |    0.52   0.01   0.14   0.00
0  3.08e+07   78.20 |   72.30    4.2    145     9 |    0.51   0.01   0.08   0.00
0  3.09e+07   78.20 |   71.16    3.2    155    13 |    0.49   0.00  -0.01   0.00
0  3.09e+07   78.20 |   73.43    2.1    147     4 |    0.51   0.01   0.04   0.00
0  3.10e+07   78.20 |   73.13    4.6    153    14 |    0.51   0.01   0.00   0.00
0  3.10e+07   78.20 |   72.33    3.2    156     6 |    0.48   0.01   0.02   0.00
0  3.11e+07   78.20 |   75.49    2.5    161     6 |    0.50   0.01  -0.15   0.00
0  3.11e+07   78.20 |   73.39    3.9    163    18 |    0.47   0.02  -0.20   0.00
0  3.12e+07   78.20 |   72.14    2.9    153     5 |    0.50   0.01  -0.05   0.00
0  3.13e+07   78.20 |   73.51    2.1    148    11 |    0.50   0.01   0.02   0.00
0  3.13e+07   78.20 |   71.90    5.0    143    11 |    0.51   0.01  -0.10   0.00
0  3.14e+07   78.20 |   71.02    2.3    152    15 |    0.50   0.02  -0.04   0.00
0  3.14e+07   78.20 |   73.12    5.4    155    12 |    0.50   0.01  -0.00   0.00
0  3.15e+07   78.20 |   74.08    3.0    178    18 |    0.48   0.10  -0.01   0.00
0  3.15e+07   78.20 |   70.39    3.0    147     9 |    0.50   0.01   0.09   0.00
0  3.16e+07   78.20 |   76.96    2.3    161    10 |    0.51   0.02   0.05   0.00
0  3.16e+07   78.20 |   72.13    5.4    158    12 |    0.48   0.02  -0.04   0.00
0  3.17e+07   78.20 |   73.06    3.6    156    15 |    0.49   0.01   0.01   0.00
0  3.17e+07   78.20 |   73.75    5.5    150    12 |    0.50   0.01   0.02   0.00
0  3.18e+07   78.20 |   74.33    4.5    145     8 |    0.50   0.01  -0.05   0.00
0  3.18e+07   78.20 |   72.92    2.0    156    10 |    0.50   0.01  -0.01   0.00
0  3.19e+07   78.20 |   73.86    4.2    156     7 |    0.51   0.01   0.04   0.00
0  3.19e+07   78.20 |   70.27    5.8    144    12 |    0.51   0.01   0.03   0.00
0  3.20e+07   78.20 |   64.40   21.7    152    10 |    0.51   0.01  -0.03   0.00
0  3.20e+07   78.20 |   69.91    5.6    138    13 |    0.51   0.01   0.05   0.00
0  3.21e+07   78.20 |   71.57    4.7    144    10 |    0.50   0.00   0.05   0.00
0  3.21e+07   78.20 |   71.42    2.6    144     6 |    0.51   0.01  -0.10   0.00
0  3.22e+07   78.20 |   73.14    2.1    142     8 |    0.50   0.00   0.06   0.00
0  3.22e+07   78.20 |   73.14    3.5    155     6 |    0.51   0.01  -0.04   0.00
0  3.23e+07   78.20 |   74.07    2.7    151     5 |    0.51   0.00   0.08   0.00
0  3.23e+07   78.20 |   73.88    2.1    152     9 |    0.51   0.01  -0.06   0.00
0  3.24e+07   78.20 |   72.58    3.8    154     6 |    0.49   0.00  -0.05   0.00
0  3.24e+07   78.20 |   75.16    1.8    156     9 |    0.50   0.00  -0.01   0.00
0  3.25e+07   78.20 |   72.30    2.2    143     5 |    0.50   0.01  -0.04   0.00
0  3.25e+07   78.20 |   72.36    3.9    156    10 |    0.50   0.02  -0.07   0.00
0  3.26e+07   78.20 |   72.90    4.1    148    11 |    0.51   0.02  -0.10   0.00
0  3.27e+07   78.20 |   74.01    3.0    154    12 |    0.50   0.00   0.01   0.00
0  3.27e+07   78.20 |   73.39    4.1    156     7 |    0.51   0.01  -0.12   0.00
0  3.28e+07   78.20 |   73.47    2.1    152     4 |    0.50   0.01   0.01   0.00
0  3.28e+07   78.20 |   73.53    5.5    152    10 |    0.51   0.01   0.02   0.00
0  3.29e+07   78.20 |   70.90    3.7    142     4 |    0.50   0.01  -0.02   0.00
0  3.29e+07   78.20 |   71.66    5.1    144    10 |    0.51   0.01  -0.07   0.00
0  3.30e+07   78.20 |   71.97    2.3    152    10 |    0.50   0.01  -0.06   0.00
0  3.31e+07   78.20 |   74.54    3.5    161    13 |    0.51   0.01   0.06   0.00
0  3.31e+07   78.20 |   72.11    4.4    149     8 |    0.50   0.00   0.12   0.00
0  3.32e+07   78.20 |   72.38    3.9    151     6 |    0.50   0.01  -0.07   0.00
0  3.32e+07   78.20 |   73.54    3.5    156     9 |    0.50   0.01   0.01   0.00
0  3.33e+07   78.20 |   73.40    4.3    153     8 |    0.50   0.00  -0.04   0.00
0  3.33e+07   78.20 |   64.51   22.3    154     9 |    0.48   0.03  -0.02   0.00
0  3.34e+07   78.20 |   74.54    4.0    153     7 |    0.50   0.00  -0.03   0.00
0  3.34e+07   78.20 |   72.52    2.1    147     5 |    0.51   0.01  -0.03   0.00
0  3.35e+07   78.20 |   72.82    4.6    152     8 |    0.50   0.01  -0.03   0.00
0  3.36e+07   78.20 |   70.45    2.8    148     5 |    0.50   0.01  -0.07   0.00
0  3.36e+07   78.20 |   76.67    5.0    161    15 |    0.50   0.02   0.10   0.00
0  3.37e+07   78.20 |   72.94    3.3    150     8 |    0.50   0.01  -0.10   0.00
0  3.37e+07   78.20 |   74.45    1.7    150     7 |    0.50   0.01  -0.14   0.00
0  3.38e+07   78.20 |   75.69    3.3    154     7 |    0.50   0.07  -0.09   0.00
0  3.38e+07   78.20 |   74.63    3.4    159     6 |    0.50   0.01   0.05   0.00
0  3.39e+07   78.20 |   71.02    5.0    145     9 |    0.50   0.01  -0.00   0.00
0  3.40e+07   78.20 |   71.77    5.1    148    10 |    0.50   0.01   0.01   0.00
0  3.40e+07   78.20 |   72.93    4.5    151     7 |    0.50   0.01  -0.02   0.00
0  3.41e+07   78.20 |   75.50    4.0    148     7 |    0.51   0.02   0.03   0.00
0  3.41e+07   78.20 |   72.35    2.3    147     7 |    0.51   0.03  -0.06   0.00
0  3.42e+07   78.20 |   75.64    4.0    156     8 |    0.49   0.02   0.11   0.00
0  3.42e+07   78.20 |   70.89    2.3    144     3 |    0.51   0.01  -0.00   0.00
0  3.43e+07   78.20 |   69.03    4.9    146     9 |    0.50   0.00  -0.12   0.00
0  3.43e+07   78.20 |   73.59    3.8    154    10 |    0.50   0.01  -0.00   0.00
0  3.44e+07   78.20 |   69.95    4.5    145     5 |    0.51   0.02  -0.06   0.00
0  3.45e+07   78.20 |   76.51    2.5    157     7 |    0.50   0.03   0.09   0.00
0  3.45e+07   78.20 |   70.97    4.9    147     9 |    0.50   0.01  -0.09   0.00
0  3.46e+07   78.20 |   70.19    2.2    141     4 |    0.51   0.02   0.02   0.00
0  3.46e+07   78.20 |   75.71    3.5    155     8 |    0.50   0.01  -0.00   0.00
0  3.47e+07   78.20 |   72.67    3.8    150     6 |    0.50   0.01   0.00   0.00
0  3.47e+07   78.20 |   69.55    3.5    146     6 |    0.50   0.01  -0.10   0.00
0  3.48e+07   78.20 |   74.37    4.4    153     8 |    0.50   0.01  -0.04   0.00
0  3.48e+07   78.20 |   71.31    4.7    143    10 |    0.50   0.06   0.08   0.00
0  3.49e+07   78.20 |   76.59    3.7    157    11 |    0.50   0.03   0.05   0.00
0  3.50e+07   78.20 |   75.50    1.4    158     6 |    0.49   0.01   0.01   0.00
0  3.50e+07   78.20 |   76.36    3.2    159    10 |    0.48   0.01   0.13   0.00
0  3.51e+07   78.20 |   73.07    4.9    153    11 |    0.49   0.02   0.06   0.00
0  3.51e+07   78.20 |   74.27    5.2    153    10 |    0.50   0.02  -0.02   0.00
0  3.52e+07   78.20 |   74.15    3.6    151     7 |    0.49   0.01   0.08   0.00
0  3.52e+07   78.20 |   72.91    2.5    149     8 |    0.50   0.03  -0.04   0.00
0  3.53e+07   78.20 |   75.93    2.3    160     8 |    0.49   0.00  -0.08   0.00
0  3.54e+07   78.20 |   73.75    5.1    150     9 |    0.50   0.01  -0.02   0.00
0  3.54e+07   78.20 |   74.12    3.1    152    12 |    0.50   0.01  -0.04   0.00
0  3.55e+07   78.20 |   72.06    3.6    150     6 |    0.50   0.01   0.05   0.00
0  3.55e+07   78.20 |   74.69    2.6    153     7 |    0.50   0.01  -0.03   0.00
0  3.56e+07   78.20 |   74.14    5.8    154    12 |    0.50   0.01  -0.05   0.00
0  3.56e+07   78.20 |   74.93    3.9    151    10 |    0.51   0.01  -0.08   0.00
0  3.57e+07   78.20 |   74.79    3.5    151     8 |    0.50   0.00   0.02   0.00
0  3.57e+07   78.20 |   72.90    3.7    147     6 |    0.50   0.01  -0.05   0.00
0  3.58e+07   78.20 |   74.82    4.0    149     9 |    0.51   0.02  -0.10   0.00
0  3.59e+07   78.20 |   75.42    2.7    156     6 |    0.49   0.01  -0.13   0.00
0  3.59e+07   78.20 |   72.18    3.6    153     7 |    0.49   0.01   0.05   0.00
0  3.60e+07   78.20 |   73.17    2.8    150     4 |    0.50   0.01  -0.08   0.00
0  3.60e+07   78.20 |   73.02    4.3    150     9 |    0.49   0.01   0.00   0.00
0  3.61e+07   78.20 |   73.26    3.1    150     6 |    0.50   0.02   0.05   0.00
0  3.61e+07   78.20 |   70.35    3.9    142     7 |    0.50   0.02   0.01   0.00
0  3.62e+07   78.20 |   73.93    3.3    150     6 |    0.50   0.01   0.09   0.00
0  3.62e+07   78.20 |   71.92    5.4    149    10 |    0.50   0.01  -0.11   0.00
0  3.63e+07   78.20 |   71.15    3.8    150     8 |    0.50   0.00  -0.08   0.00
0  3.64e+07   78.20 |   73.21    4.5    147     7 |    0.49   0.02   0.03   0.00
0  3.64e+07   78.20 |   71.23    3.4    143     8 |    0.50   0.02   0.04   0.00
0  3.65e+07   78.20 |   74.20    3.5    149    11 |    0.50   0.02  -0.02   0.00
0  3.65e+07   78.20 |   76.21    3.6    155     8 |    0.50   0.02   0.04   0.00
0  3.66e+07   78.20 |   71.26    4.0    146    10 |    0.50   0.01  -0.00   0.00
0  3.66e+07   78.20 |   73.84    2.3    152     4 |    0.49   0.01   0.03   0.00
0  3.67e+07   78.20 |   70.33    4.6    146     9 |    0.50   0.00  -0.10   0.00
0  3.68e+07   78.20 |   75.94    4.4    156     8 |    0.51   0.01  -0.10   0.00
0  3.68e+07   78.20 |   69.92    4.7    146     8 |    0.50   0.00   0.00   0.00
0  3.69e+07   78.20 |   74.42    3.5    153     9 |    0.49   0.00  -0.02   0.00
0  3.69e+07   78.20 |   76.73    5.1    156     9 |    0.50   0.02  -0.11   0.00
0  3.70e+07   78.20 |   76.92    1.5    158     8 |    0.50   0.00  -0.05   0.00
0  3.70e+07   78.20 |   73.27    3.0    153     6 |    0.50   0.00  -0.05   0.00
0  3.71e+07   78.20 |   73.73    4.1    148    13 |    0.50   0.01  -0.03   0.00
0  3.71e+07   78.20 |   74.77    4.3    150     9 |    0.50   0.02   0.09   0.00
0  3.72e+07   78.20 |   71.10    2.1    150     9 |    0.50   0.01  -0.13   0.00
0  3.72e+07   78.20 |   73.95    3.1    156    10 |    0.50   0.02   0.06   0.00
0  3.73e+07   78.20 |   74.18    2.8    156    15 |    0.49   0.02  -0.07   0.00
0  3.73e+07   78.20 |   75.74    2.8    158     7 |    0.50   0.01   0.03   0.00
0  3.74e+07   78.20 |   74.98    3.2    164    15 |    0.49   0.01  -0.02   0.00
0  3.75e+07   78.20 |   74.73    4.8    156     8 |    0.50   0.01  -0.01   0.00
0  3.75e+07   78.20 |   74.80    3.5    156     8 |    0.50   0.00  -0.01   0.00
0  3.76e+07   78.20 |   73.19    4.0    153     8 |    0.50   0.01   0.01   0.00
0  3.76e+07   78.20 |   73.85    2.1    149     5 |    0.50   0.01  -0.12   0.00
0  3.77e+07   78.20 |   75.23    3.6    153     4 |    0.50   0.01  -0.03   0.00
0  3.77e+07   78.20 |   75.05    4.7    154     8 |    0.50   0.01   0.03   0.00
0  3.78e+07   78.20 |   74.08    4.2    153     8 |    0.51   0.01  -0.06   0.00
0  3.79e+07   78.20 |   73.11    3.6    150     6 |    0.50   0.01   0.03   0.00
0  3.79e+07   78.20 |   72.68    6.1    147     9 |    0.50   0.01  -0.11   0.00
0  3.80e+07   78.20 |   73.38    3.3    154     7 |    0.50   0.01  -0.09   0.00
0  3.80e+07   78.20 |   72.74    5.0    150     8 |    0.49   0.00  -0.04   0.00
0  3.81e+07   78.20 |   76.20    3.2    155     8 |    0.49   0.01  -0.03   0.00
0  3.81e+07   78.20 |   73.98    4.1    156     9 |    0.49   0.01  -0.10   0.00
0  3.82e+07   78.20 |   73.82    4.3    154     9 |    0.50   0.01  -0.08   0.00
0  3.82e+07   78.20 |   73.88    3.6    150     8 |    0.50   0.01   0.17   0.00
0  3.83e+07   78.20 |   72.20    4.9    148    10 |    0.50   0.01   0.05   0.00
0  3.84e+07   78.20 |   73.38    4.0    151     8 |    0.50   0.01  -0.15   0.00
0  3.84e+07   78.20 |   72.39    3.6    156    10 |    0.49   0.01   0.00   0.00
0  3.85e+07   79.47 |
0  3.85e+07   79.47 |   79.47    2.4    166     7 |    0.49   0.01  -0.05   0.00
0  3.85e+07   79.47 |   73.29    3.5    150     9 |    0.49   0.01   0.04   0.00
0  3.86e+07   79.47 |   72.53    4.5    148     6 |    0.50   0.00   0.09   0.00
0  3.86e+07   79.47 |   74.50    4.9    152    11 |    0.50   0.00  -0.05   0.00
0  3.87e+07   79.47 |   73.82    3.9    153    12 |    0.50   0.01  -0.03   0.00
0  3.87e+07   79.47 |   75.64    3.8    147     4 |    0.50   0.00   0.01   0.00
0  3.88e+07   79.47 |   72.67    2.6    152     6 |    0.47   0.11   0.03   0.00
0  3.89e+07   79.47 |   73.36    1.7    150     3 |    0.49   0.00  -0.03   0.00
0  3.89e+07   79.47 |   72.23    5.5    148    11 |    0.49   0.01  -0.11   0.00
0  3.90e+07   79.47 |   74.68    4.3    151     9 |    0.50   0.00   0.02   0.00
0  3.90e+07   79.47 |   74.86    4.2    148    10 |    0.50   0.00  -0.02   0.00
0  3.91e+07   79.47 |   74.39    4.8    156    10 |    0.50   0.01   0.02   0.00
0  3.91e+07   79.47 |   73.93    3.2    150     7 |    0.50   0.02  -0.06   0.00
0  3.92e+07   79.47 |   72.45    4.1    148     9 |    0.49   0.00   0.01   0.00
0  3.93e+07   79.47 |   73.10    4.5    151     9 |    0.49   0.00   0.04   0.00
0  3.93e+07   79.47 |   74.62    4.5    149     9 |    0.50   0.00   0.02   0.00
0  3.93e+07   79.47 |   70.91    4.0    148    10 |    0.50   0.01  -0.01   0.00
0  3.94e+07   79.47 |   75.16    3.9    159     7 |    0.50   0.01  -0.02   0.00
0  3.95e+07   79.47 |   76.26    4.0    156     9 |    0.50   0.00  -0.02   0.00
0  3.95e+07   79.47 |   72.72    2.9    147    10 |    0.49   0.01   0.02   0.00
0  3.96e+07   79.47 |   72.11    3.9    143     9 |    0.50   0.02  -0.12   0.00
0  3.96e+07   79.47 |   71.05    3.3    148     7 |    0.50   0.01   0.02   0.00
0  3.97e+07   79.47 |   73.42    3.4    150    10 |    0.49   0.02   0.06   0.00
0  3.97e+07   79.47 |   74.41    5.0    155    11 |    0.50   0.01   0.01   0.00
0  3.98e+07   79.47 |   75.03    4.8    149     7 |    0.49   0.01   0.05   0.00
0  3.99e+07   79.47 |   73.46    5.5    148    10 |    0.50   0.00   0.03   0.00
0  3.99e+07   79.47 |   73.95    5.5    151     9 |    0.50   0.01  -0.12   0.00
0  4.00e+07   79.47 |   74.32    4.9    150     8 |    0.50   0.00   0.09   0.00
0  4.00e+07   79.47 |   74.24    6.0    152    12 |    0.50   0.02  -0.04   0.00
0  4.01e+07   79.47 |   74.43    3.6    153     9 |    0.50   0.01  -0.03   0.00
0  4.01e+07   79.47 |   74.19    4.6    151     8 |    0.50   0.00  -0.09   0.00
0  4.02e+07   79.47 |   75.89    4.1    154    10 |    0.50   0.00  -0.00   0.00
0  4.02e+07   79.47 |   75.08    2.6    150     8 |    0.49   0.00   0.08   0.00
0  4.03e+07   79.47 |   76.09    2.8    156     8 |    0.50   0.01  -0.07   0.00
0  4.04e+07   79.47 |   74.78    3.5    148     7 |    0.50   0.02   0.02   0.00
0  4.04e+07   79.47 |   73.03    3.0    149     7 |    0.50   0.01  -0.09   0.00
0  4.05e+07   79.47 |   71.57    3.8    147    10 |    0.50   0.00  -0.01   0.00
0  4.05e+07   79.47 |   75.00    4.2    152    10 |    0.50   0.02   0.02   0.00
0  4.06e+07   79.47 |   73.51    3.5    148     7 |    0.50   0.01  -0.00   0.00
0  4.06e+07   79.47 |   72.66    4.6    149     9 |    0.50   0.02   0.06   0.00
0  4.07e+07   79.47 |   73.77    3.4    150     8 |    0.50   0.02  -0.10   0.00
0  4.07e+07   79.47 |   75.88    4.2    152    10 |    0.50   0.01  -0.05   0.00
0  4.08e+07   79.47 |   73.66    5.6    151    12 |    0.50   0.00  -0.03   0.00
0  4.08e+07   79.47 |   74.85    4.1    155     7 |    0.48   0.01   0.05   0.00
0  4.09e+07   79.47 |   75.01    6.6    156    15 |    0.50   0.01  -0.03   0.00
0  4.09e+07   79.47 |   75.87    4.0    152    12 |    0.50   0.01  -0.10   0.00
0  4.10e+07   79.47 |   73.71    3.1    151     7 |    0.50   0.01  -0.06   0.00
0  4.10e+07   79.47 |   76.16    1.4    154     6 |    0.50   0.01  -0.04   0.00
0  4.11e+07   79.47 |   70.47    3.3    144     6 |    0.49   0.01  -0.11   0.00
0  4.11e+07   79.47 |   71.52    4.9    140     7 |    0.50   0.01  -0.06   0.00
0  4.12e+07   79.47 |   73.63    3.6    148    12 |    0.50   0.00  -0.06   0.00
0  4.12e+07   79.47 |   74.56    2.8    146     9 |    0.51   0.00   0.02   0.00
0  4.13e+07   79.47 |   75.67    5.2    154     9 |    0.50   0.00   0.00   0.00
0  4.13e+07   79.47 |   71.68    3.5    148    11 |    0.50   0.00  -0.08   0.00
0  4.14e+07   79.47 |   75.03    3.0    156     5 |    0.49   0.00   0.04   0.00
0  4.14e+07   79.47 |   73.50    4.0    153    11 |    0.49   0.01  -0.07   0.00
0  4.15e+07   79.47 |   73.50    3.9    146    12 |    0.50   0.00  -0.02   0.00
0  4.16e+07   79.47 |   72.05    4.6    146     9 |    0.50   0.01  -0.06   0.00
0  4.16e+07   79.47 |   69.28    4.8    143     9 |    0.50   0.01   0.03   0.00
0  4.17e+07   79.47 |   75.68    4.6    151     7 |    0.50   0.01  -0.00   0.00
0  4.17e+07   79.47 |   76.11    5.8    155    10 |    0.50   0.01  -0.20   0.00
0  4.18e+07   79.47 |   77.28    4.2    154    12 |    0.50   0.00   0.01   0.00
0  4.18e+07   79.47 |   74.16    5.5    149    12 |    0.50   0.01  -0.01   0.00
0  4.19e+07   79.47 |   74.52    4.1    151     8 |    0.50   0.01  -0.00   0.00
0  4.19e+07   79.47 |   72.85    4.6    147     8 |    0.50   0.00  -0.07   0.00
0  4.20e+07   79.47 |   73.37    3.0    148    10 |    0.51   0.00  -0.01   0.00
0  4.21e+07   79.47 |   76.28    3.6    154    10 |    0.49   0.00  -0.05   0.00
0  4.21e+07   79.47 |   71.81    5.2    142     9 |    0.50   0.00   0.01   0.00
0  4.22e+07   79.47 |   75.84    3.6    154     8 |    0.50   0.00   0.03   0.00
0  4.22e+07   79.47 |   73.24    5.6    145    11 |    0.51   0.01   0.03   0.00
0  4.23e+07   79.47 |   73.39    5.2    146     8 |    0.51   0.01   0.03   0.00
0  4.23e+07   79.47 |   72.09    4.2    149    15 |    0.51   0.01  -0.07   0.00
0  4.24e+07   79.47 |   74.39    4.1    147     8 |    0.50   0.01  -0.05   0.00
0  4.24e+07   79.47 |   74.68    4.8    150    14 |    0.51   0.00   0.02   0.00
0  4.25e+07   79.47 |   72.43    3.3    146     7 |    0.51   0.00  -0.01   0.00
0  4.25e+07   79.47 |   76.31    1.9    158     6 |    0.50   0.01  -0.02   0.00
0  4.26e+07   79.47 |   73.37    3.0    144     7 |    0.51   0.01  -0.12   0.00
0  4.27e+07   79.47 |   72.74    4.0    149    13 |    0.49   0.01  -0.01   0.00
0  4.27e+07   79.47 |   75.75    3.9    154    11 |    0.50   0.00   0.07   0.00
0  4.28e+07   79.47 |   75.09    5.3    150    14 |    0.50   0.01   0.05   0.00
0  4.28e+07   79.47 |   71.86    3.5    147     8 |    0.50   0.01  -0.08   0.00
0  4.29e+07   79.47 |   73.96    2.9    158     7 |    0.50   0.01  -0.03   0.00
0  4.29e+07   79.47 |   76.42    1.9    155     6 |    0.50   0.00  -0.01   0.00
0  4.30e+07   79.47 |   77.32    1.6    155    10 |    0.50   0.00   0.04   0.00
0  4.30e+07   79.47 |   73.23    2.9    146    10 |    0.50   0.01   0.03   0.00
0  4.31e+07   79.47 |   76.34    4.4    154    16 |    0.50   0.01  -0.05   0.00
0  4.32e+07   79.47 |   74.30    3.5    154     9 |    0.50   0.00  -0.01   0.00
0  4.32e+07   79.47 |   72.45    3.2    152     6 |    0.50   0.01  -0.02   0.00
0  4.33e+07   79.47 |   74.88    3.1    157    10 |    0.50   0.00   0.00   0.00
0  4.33e+07   79.47 |   73.15    5.9    149    13 |    0.49   0.06  -0.09   0.00
0  4.34e+07   79.47 |   73.79    2.6    150     6 |    0.51   0.01   0.05   0.00
0  4.34e+07   79.47 |   76.16    6.2    151    10 |    0.50   0.01   0.05   0.00
0  4.35e+0